0 verbose cli C:\Program Files\nodejs\node.exe C:\Users\lenovo\AppData\Roaming\npm\node_modules\npm\bin\npm-cli.js
1 info using npm@10.8.2
2 info using node@v20.16.0
3 silly config load:file:C:\Users\lenovo\AppData\Roaming\npm\node_modules\npm\npmrc
4 silly config load:file:C:\Users\lenovo\Documents\GitHub\alx-fe-reactjs\my-company\.npmrc
5 silly config load:file:C:\Users\lenovo\.npmrc
6 silly config load:file:C:\Users\lenovo\AppData\Roaming\npm\etc\npmrc
7 verbose title npm install react-router-dom
8 verbose argv "install" "react-router-dom"
9 verbose logfile logs-max:10 dir:C:\Users\lenovo\Documents\GitHub\alx-fe-reactjs\my-company\Userslenovonpm-cache\_logs\2024-08-25T22_39_11_132Z-
10 verbose logfile C:\Users\lenovo\Documents\GitHub\alx-fe-reactjs\my-company\Userslenovonpm-cache\_logs\2024-08-25T22_39_11_132Z-debug-0.log
11 silly packumentCache heap:2197815296 maxSize:549453824 maxEntrySize:274726912
12 silly logfile done cleaning log files
13 silly idealTree buildDeps
14 silly fetch manifest react-router-dom@*
15 silly packumentCache full:https://registry.npmjs.org/react-router-dom cache-miss
16 verbose shrinkwrap failed to load node_modules/.package-lock.json out of date, updated: node_modules
17 http fetch GET 200 https://registry.npmjs.org/react-router-dom 1295ms (cache miss)
18 silly packumentCache full:https://registry.npmjs.org/react-router-dom set size:undefined disposed:false
19 silly fetch manifest react@^18.3.1
20 silly packumentCache full:https://registry.npmjs.org/react cache-miss
21 http fetch GET 200 https://registry.npmjs.org/npm 2574ms
22 http fetch GET 200 https://registry.npmjs.org/react 3281ms (cache miss)
23 silly packumentCache full:https://registry.npmjs.org/react set size:undefined disposed:false
24 silly fetch manifest react-dom@^18.3.1
25 silly packumentCache full:https://registry.npmjs.org/react-dom cache-miss
26 http fetch GET 200 https://registry.npmjs.org/react-dom 2269ms (cache miss)
27 silly packumentCache full:https://registry.npmjs.org/react-dom set size:undefined disposed:false
28 silly placeDep ROOT react-router-dom@6.26.1 OK for: my-company@0.1.0 want: *
29 silly fetch manifest react-router@6.26.1
30 silly packumentCache full:https://registry.npmjs.org/react-router cache-miss
31 silly fetch manifest @remix-run/router@1.19.1
32 silly packumentCache full:https://registry.npmjs.org/@remix-run%2frouter cache-miss
33 http fetch GET 200 https://registry.npmjs.org/@remix-run%2frouter 740ms (cache miss)
34 silly packumentCache full:https://registry.npmjs.org/@remix-run%2frouter set size:undefined disposed:false
35 http fetch GET 200 https://registry.npmjs.org/react-router 1445ms (cache miss)
36 silly packumentCache full:https://registry.npmjs.org/react-router set size:undefined disposed:false
37 silly fetch manifest react@>=16.8
38 silly packumentCache full:https://registry.npmjs.org/react cache-miss
39 http fetch GET 200 https://registry.npmjs.org/react 26ms (cache hit)
40 silly packumentCache full:https://registry.npmjs.org/react set size:4879038 disposed:false
41 silly placeDep ROOT @remix-run/router@1.19.1 OK for: react-router-dom@6.26.1 want: 1.19.1
42 silly placeDep ROOT react-router@6.26.1 OK for: react-router-dom@6.26.1 want: 6.26.1
43 silly fetch manifest typescript@^3.2.1 || ^4
44 silly packumentCache full:https://registry.npmjs.org/typescript cache-miss
45 http fetch GET 200 https://registry.npmjs.org/typescript 5400ms (cache miss)
46 silly packumentCache full:https://registry.npmjs.org/typescript set size:undefined disposed:false
47 silly placeDep ROOT typescript@4.9.5 REPLACE for: react-scripts@5.0.1 want: ^3.2.1 || ^4
48 silly reify mark retired [
48 silly reify   'C:\\Users\\lenovo\\Documents\\GitHub\\alx-fe-reactjs\\my-company\\node_modules\\typescript',
48 silly reify   'C:\\Users\\lenovo\\Documents\\GitHub\\alx-fe-reactjs\\my-company\\node_modules\\.bin\\tsc',
48 silly reify   'C:\\Users\\lenovo\\Documents\\GitHub\\alx-fe-reactjs\\my-company\\node_modules\\.bin\\tsc.cmd',
48 silly reify   'C:\\Users\\lenovo\\Documents\\GitHub\\alx-fe-reactjs\\my-company\\node_modules\\.bin\\tsc.ps1',
48 silly reify   'C:\\Users\\lenovo\\Documents\\GitHub\\alx-fe-reactjs\\my-company\\node_modules\\.bin\\tsserver',
48 silly reify   'C:\\Users\\lenovo\\Documents\\GitHub\\alx-fe-reactjs\\my-company\\node_modules\\.bin\\tsserver.cmd',
48 silly reify   'C:\\Users\\lenovo\\Documents\\GitHub\\alx-fe-reactjs\\my-company\\node_modules\\.bin\\tsserver.ps1'
48 silly reify ]
49 silly reify moves {
49 silly reify   'C:\\Users\\lenovo\\Documents\\GitHub\\alx-fe-reactjs\\my-company\\node_modules\\typescript': 'C:\\Users\\lenovo\\Documents\\GitHub\\alx-fe-reactjs\\my-company\\node_modules\\.typescript-FCcKL1Ja',
49 silly reify   'C:\\Users\\lenovo\\Documents\\GitHub\\alx-fe-reactjs\\my-company\\node_modules\\.bin\\tsc': 'C:\\Users\\lenovo\\Documents\\GitHub\\alx-fe-reactjs\\my-company\\node_modules\\.bin\\.tsc-iU54li4G',
49 silly reify   'C:\\Users\\lenovo\\Documents\\GitHub\\alx-fe-reactjs\\my-company\\node_modules\\.bin\\tsc.cmd': 'C:\\Users\\lenovo\\Documents\\GitHub\\alx-fe-reactjs\\my-company\\node_modules\\.bin\\.tsc.cmd-H4w1KrmA',
49 silly reify   'C:\\Users\\lenovo\\Documents\\GitHub\\alx-fe-reactjs\\my-company\\node_modules\\.bin\\tsc.ps1': 'C:\\Users\\lenovo\\Documents\\GitHub\\alx-fe-reactjs\\my-company\\node_modules\\.bin\\.tsc.ps1-zsE5wZuz',
49 silly reify   'C:\\Users\\lenovo\\Documents\\GitHub\\alx-fe-reactjs\\my-company\\node_modules\\.bin\\tsserver': 'C:\\Users\\lenovo\\Documents\\GitHub\\alx-fe-reactjs\\my-company\\node_modules\\.bin\\.tsserver-V6q1EfUl',
49 silly reify   'C:\\Users\\lenovo\\Documents\\GitHub\\alx-fe-reactjs\\my-company\\node_modules\\.bin\\tsserver.cmd': 'C:\\Users\\lenovo\\Documents\\GitHub\\alx-fe-reactjs\\my-company\\node_modules\\.bin\\.tsserver.cmd-dUMq5S6t',
49 silly reify   'C:\\Users\\lenovo\\Documents\\GitHub\\alx-fe-reactjs\\my-company\\node_modules\\.bin\\tsserver.ps1': 'C:\\Users\\lenovo\\Documents\\GitHub\\alx-fe-reactjs\\my-company\\node_modules\\.bin\\.tsserver.ps1-CntDur7A'
49 silly reify }
50 verbose stack Error: EPERM: operation not permitted, copyfile 'C:\Users\lenovo\Documents\GitHub\alx-fe-reactjs\my-company\node_modules\typescript\ThirdPartyNoticeText.txt' -> 'C:\Users\lenovo\Documents\GitHub\alx-fe-reactjs\my-company\node_modules\.typescript-FCcKL1Ja\ThirdPartyNoticeText.txt'
50 verbose stack     at async Object.copyFile (node:internal/fs/promises:623:10)
50 verbose stack     at async moveFile (C:\Users\lenovo\AppData\Roaming\npm\node_modules\npm\node_modules\@npmcli\fs\lib\move-file.js:42:9)
50 verbose stack     at async Promise.all (index 6)
50 verbose stack     at async moveFile (C:\Users\lenovo\AppData\Roaming\npm\node_modules\npm\node_modules\@npmcli\fs\lib\move-file.js:36:9)
50 verbose stack     at async Promise.allSettled (index 0)
50 verbose stack     at async [reifyPackages] (C:\Users\lenovo\AppData\Roaming\npm\node_modules\npm\node_modules\@npmcli\arborist\lib\arborist\reify.js:325:11)
50 verbose stack     at async Arborist.reify (C:\Users\lenovo\AppData\Roaming\npm\node_modules\npm\node_modules\@npmcli\arborist\lib\arborist\reify.js:142:5)
50 verbose stack     at async Install.exec (C:\Users\lenovo\AppData\Roaming\npm\node_modules\npm\lib\commands\install.js:150:5)
50 verbose stack     at async Npm.exec (C:\Users\lenovo\AppData\Roaming\npm\node_modules\npm\lib\npm.js:207:9)
50 verbose stack     at async module.exports (C:\Users\lenovo\AppData\Roaming\npm\node_modules\npm\lib\cli\entry.js:74:5)
51 error code EPERM
52 error syscall copyfile
53 error path C:\Users\lenovo\Documents\GitHub\alx-fe-reactjs\my-company\node_modules\typescript\ThirdPartyNoticeText.txt
54 error dest C:\Users\lenovo\Documents\GitHub\alx-fe-reactjs\my-company\node_modules\.typescript-FCcKL1Ja\ThirdPartyNoticeText.txt
55 error errno -4048
56 error Error: EPERM: operation not permitted, copyfile 'C:\Users\lenovo\Documents\GitHub\alx-fe-reactjs\my-company\node_modules\typescript\ThirdPartyNoticeText.txt' -> 'C:\Users\lenovo\Documents\GitHub\alx-fe-reactjs\my-company\node_modules\.typescript-FCcKL1Ja\ThirdPartyNoticeText.txt'
56 error     at async Object.copyFile (node:internal/fs/promises:623:10)
56 error     at async moveFile (C:\Users\lenovo\AppData\Roaming\npm\node_modules\npm\node_modules\@npmcli\fs\lib\move-file.js:42:9)
56 error     at async Promise.all (index 6)
56 error     at async moveFile (C:\Users\lenovo\AppData\Roaming\npm\node_modules\npm\node_modules\@npmcli\fs\lib\move-file.js:36:9)
56 error     at async Promise.allSettled (index 0)
56 error     at async [reifyPackages] (C:\Users\lenovo\AppData\Roaming\npm\node_modules\npm\node_modules\@npmcli\arborist\lib\arborist\reify.js:325:11)
56 error     at async Arborist.reify (C:\Users\lenovo\AppData\Roaming\npm\node_modules\npm\node_modules\@npmcli\arborist\lib\arborist\reify.js:142:5)
56 error     at async Install.exec (C:\Users\lenovo\AppData\Roaming\npm\node_modules\npm\lib\commands\install.js:150:5)
56 error     at async Npm.exec (C:\Users\lenovo\AppData\Roaming\npm\node_modules\npm\lib\npm.js:207:9)
56 error     at async module.exports (C:\Users\lenovo\AppData\Roaming\npm\node_modules\npm\lib\cli\entry.js:74:5) {
56 error   errno: -4048,
56 error   code: 'EPERM',
56 error   syscall: 'copyfile',
56 error   path: 'C:\\Users\\lenovo\\Documents\\GitHub\\alx-fe-reactjs\\my-company\\node_modules\\typescript\\ThirdPartyNoticeText.txt',
56 error   dest: 'C:\\Users\\lenovo\\Documents\\GitHub\\alx-fe-reactjs\\my-company\\node_modules\\.typescript-FCcKL1Ja\\ThirdPartyNoticeText.txt'
56 error }
57 error
57 error The operation was rejected by your operating system.
57 error It's possible that the file was already in use (by a text editor or antivirus),
57 error or that you lack permissions to access it.
57 error
57 error If you believe this might be a permissions issue, please double-check the
57 error permissions of the file and its containing directories, or try running
57 error the command again as root/Administrator.
58 silly unfinished npm timer reify 1724625551989
59 silly unfinished npm timer reify:retireShallow 1724625567537
60 verbose cwd C:\Users\lenovo\Documents\GitHub\alx-fe-reactjs\my-company
61 verbose os Windows_NT 10.0.19045
62 verbose node v20.16.0
63 verbose npm  v10.8.2
64 verbose exit -4048
65 verbose code -4048
66 error A complete log of this run can be found in: C:\Users\lenovo\Documents\GitHub\alx-fe-reactjs\my-company\Userslenovonpm-cache\_logs\2024-08-25T22_39_11_132Z-debug-0.log
